<?xml version="1.0" encoding="UTF-8" standalone="no"?><testsuite errors="0" failures="0" name="com.serenity.sandbox.AppTests.OpportunitiesPageTest" skipped="3" tests="4" time="7.92" timestamp="2022-11-30 03:44:14"><testcase classname="com.serenity.sandbox.AppTests.OpportunitiesPageTest" name="Get opportunities then cant find existing client expect OK"><skipped/></testcase><testcase classname="com.serenity.sandbox.AppTests.OpportunitiesPageTest" name="Get clients then cant find existing op expect OK"><skipped/></testcase><testcase classname="com.serenity.sandbox.AppTests.OpportunitiesPageTest" name="Get opportunities find existing op expect OK"/><testcase classname="com.serenity.sandbox.AppTests.OpportunitiesPageTest" name="Get clients then find existing cl expect OK"><skipped/></testcase></testsuite>