<?xml version="1.0" encoding="UTF-8" standalone="no"?><testsuite errors="0" failures="0" name="com.serenity.sandbox.AppTests.OpportunitiesDetailPageTest" skipped="4" tests="7" time="14.99" timestamp="2022-12-01 10:16:38"><testcase classname="com.serenity.sandbox.AppTests.OpportunitiesDetailPageTest" name="Get opportunity expect OK"/><testcase classname="com.serenity.sandbox.AppTests.OpportunitiesDetailPageTest" name="Mark as client with invalid data expect KO"><skipped/></testcase><testcase classname="com.serenity.sandbox.AppTests.OpportunitiesDetailPageTest" name="Get opportunity with contacts expect OK"/><testcase classname="com.serenity.sandbox.AppTests.OpportunitiesDetailPageTest" name="Save contact expect OK"><skipped/></testcase><testcase classname="com.serenity.sandbox.AppTests.OpportunitiesDetailPageTest" name="Mark as client OK expect OK"/><testcase classname="com.serenity.sandbox.AppTests.OpportunitiesDetailPageTest" name="Get opportunity with non existing op expect KO"><skipped/></testcase><testcase classname="com.serenity.sandbox.AppTests.OpportunitiesDetailPageTest" name="Save contact with invalid data expect KO"><skipped/></testcase></testsuite>