<?xml version="1.0" encoding="UTF-8" standalone="no"?><testsuite errors="0" failures="0" name="com.serenity.sandbox.AppTests.LoginPageTest" skipped="3" tests="4" time="8.36" timestamp="2022-11-30 03:24:30"><testcase classname="com.serenity.sandbox.AppTests.LoginPageTest" name="Login invalid data expect KO"><skipped/></testcase><testcase classname="com.serenity.sandbox.AppTests.LoginPageTest" name="Login wrong pass expect KO"><skipped/></testcase><testcase classname="com.serenity.sandbox.AppTests.LoginPageTest" name="Login non existing user expect KO"><skipped/></testcase><testcase classname="com.serenity.sandbox.AppTests.LoginPageTest" name="Login expect ok"/></testsuite>