<?xml version="1.0" encoding="UTF-8" standalone="no"?><testsuite errors="0" failures="0" name="com.serenity.sandbox.AppTests.OpportunitiesListPageTest" skipped="2" tests="4" time="8.5" timestamp="2022-12-01 04:35:36"><testcase classname="com.serenity.sandbox.AppTests.OpportunitiesListPageTest" name="Get opportunities then cant find existing client expect OK"><skipped/></testcase><testcase classname="com.serenity.sandbox.AppTests.OpportunitiesListPageTest" name="Get clients then cant find existing op expect OK"><skipped/></testcase><testcase classname="com.serenity.sandbox.AppTests.OpportunitiesListPageTest" name="Get opportunities find existing op expect OK"/><testcase classname="com.serenity.sandbox.AppTests.OpportunitiesListPageTest" name="Get clients then find existing cl expect OK"/></testsuite>